<?xml version="1.0" encoding="utf-8"?><testsuites name="pytest tests"><testsuite name="pytest" errors="0" failures="0" skipped="0" tests="12" time="2.607" timestamp="2026-04-23T07:38:25.013976+00:00" hostname="agent-env-00f8c75e-16b7-42fe-b532-a7d0811dfafb"><testcase classname="backend.tests.test_bti_api" name="test_health_ok" time="0.262" /><testcase classname="backend.tests.test_bti_api" name="test_get_config_defaults" time="0.045" /><testcase classname="backend.tests.test_bti_api" name="test_post_config_persists" time="0.132" /><testcase classname="backend.tests.test_bti_api" name="test_status_simulator_fields" time="0.043" /><testcase classname="backend.tests.test_bti_api" name="test_set_modo_auto_0_y_1" time="0.172" /><testcase classname="backend.tests.test_bti_api" name="test_manual_funciona_en_modo_manual" time="0.172" /><testcase classname="backend.tests.test_bti_api" name="test_manual_en_modo_auto_devuelve_400" time="0.085" /><testcase classname="backend.tests.test_bti_api" name="test_setpoints_validos" time="0.084" /><testcase classname="backend.tests.test_bti_api" name="test_setpoints_histeresis_invalida" time="0.040" /><testcase classname="backend.tests.test_bti_api" name="test_setpoints_fuera_de_rango" time="0.041" /><testcase classname="backend.tests.test_bti_api" name="test_setpoints_iguales_invalido" time="0.043" /><testcase classname="backend.tests.test_bti_api" name="test_histeresis_auto_fuerza_on_off" time="1.258" /></testsuite></testsuites>